# JRE version: Java(TM) SE Runtime Environment (17.0.2+8) (build 17.0.2+8-LTS-86)
# Java VM: Java HotSpot(TM) 64-Bit Server VM (17.0.2+8-LTS-86, mixed mode, sharing, tiered, compressed oops, compressed class ptrs, g1 gc, windows-amd64)
GC Precious Log:
 CPUs: 4 total, 4 available
 Memory: 8128M
 Large Page Support: Disabled
 NUMA Support: Disabled
 Compressed Oops: Enabled (Zero based)
 Heap Region Size: 4M
 Heap Min Capacity: 204M
 Heap Initial Capacity: 204M
 Heap Max Capacity: 5G
 Pre-touch: Disabled
 Parallel Workers: 4
 Concurrent Workers: 1
 Concurrent Refinement Workers: 4
 Periodic GC: Disabled
Heap:
 garbage-first heap   total 1748992K, used 974329K [0x00000006c0000000, 0x0000000800000000)
  region size 4096K, 155 young (634880K), 2 survivors (8192K)
 Metaspace       used 89649K, committed 90432K, reserved 1130496K
  class space    used 12534K, committed 12864K, reserved 1048576K
GC Heap History (20 events):
Event: 28.486 GC heap before
{Heap before GC invocations=23 (full 0):
 garbage-first heap   total 724992K, used 639655K [0x00000006c0000000, 0x0000000800000000)
  region size 4096K, 121 young (495616K), 4 survivors (16384K)
 Metaspace       used 54727K, committed 55360K, reserved 1097728K
  class space    used 7714K, committed 8000K, reserved 1048576K
}
Event: 28.581 GC heap after
{Heap after GC invocations=24 (full 0):
 garbage-first heap   total 724992K, used 213529K [0x00000006c0000000, 0x0000000800000000)
  region size 4096K, 16 young (65536K), 16 survivors (65536K)
 Metaspace       used 54727K, committed 55360K, reserved 1097728K
  class space    used 7714K, committed 8000K, reserved 1048576K
}
Event: 28.620 GC heap before
{Heap before GC invocations=24 (full 0):
 garbage-first heap   total 724992K, used 217625K [0x00000006c0000000, 0x0000000800000000)
  region size 4096K, 17 young (69632K), 16 survivors (65536K)
 Metaspace       used 54850K, committed 55424K, reserved 1097728K
  class space    used 7730K, committed 8000K, reserved 1048576K
}
Event: 28.695 GC heap after
{Heap after GC invocations=25 (full 0):
 garbage-first heap   total 724992K, used 221184K [0x00000006c0000000, 0x0000000800000000)
  region size 4096K, 2 young (8192K), 2 survivors (8192K)
 Metaspace       used 54850K, committed 55424K, reserved 1097728K
  class space    used 7730K, committed 8000K, reserved 1048576K
}
Event: 31.032 GC heap before
{Heap before GC invocations=25 (full 0):
 garbage-first heap   total 724992K, used 552960K [0x00000006c0000000, 0x0000000800000000)
  region size 4096K, 82 young (335872K), 2 survivors (8192K)
 Metaspace       used 60041K, committed 60672K, reserved 1105920K
  class space    used 8478K, committed 8768K, reserved 1048576K
}
Event: 31.119 GC heap after
{Heap after GC invocations=26 (full 0):
 garbage-first heap   total 724992K, used 262144K [0x00000006c0000000, 0x0000000800000000)
  region size 4096K, 11 young (45056K), 11 survivors (45056K)
 Metaspace       used 60041K, committed 60672K, reserved 1105920K
  class space    used 8478K, committed 8768K, reserved 1048576K
}
Event: 31.915 GC heap before
{Heap before GC invocations=26 (full 0):
 garbage-first heap   total 724992K, used 561152K [0x00000006c0000000, 0x0000000800000000)
  region size 4096K, 84 young (344064K), 11 survivors (45056K)
 Metaspace       used 63951K, committed 64576K, reserved 1105920K
  class space    used 8937K, committed 9216K, reserved 1048576K
}
Event: 31.989 GC heap after
{Heap after GC invocations=27 (full 0):
 garbage-first heap   total 724992K, used 278221K [0x00000006c0000000, 0x0000000800000000)
  region size 4096K, 4 young (16384K), 4 survivors (16384K)
 Metaspace       used 63951K, committed 64576K, reserved 1105920K
  class space    used 8937K, committed 9216K, reserved 1048576K
}
Event: 32.514 GC heap before
{Heap before GC invocations=27 (full 0):
 garbage-first heap   total 724992K, used 364237K [0x00000006c0000000, 0x0000000800000000)
  region size 4096K, 26 young (106496K), 4 survivors (16384K)
 Metaspace       used 64683K, committed 65280K, reserved 1105920K
  class space    used 9081K, committed 9344K, reserved 1048576K
}
Event: 32.540 GC heap after
{Heap after GC invocations=28 (full 0):
 garbage-first heap   total 724992K, used 280087K [0x00000006c0000000, 0x0000000800000000)
  region size 4096K, 5 young (20480K), 5 survivors (20480K)
 Metaspace       used 64683K, committed 65280K, reserved 1105920K
  class space    used 9081K, committed 9344K, reserved 1048576K
}
Event: 33.844 GC heap before
{Heap before GC invocations=29 (full 0):
 garbage-first heap   total 774144K, used 570903K [0x00000006c0000000, 0x0000000800000000)
  region size 4096K, 77 young (315392K), 5 survivors (20480K)
 Metaspace       used 67274K, committed 67968K, reserved 1114112K
  class space    used 9404K, committed 9728K, reserved 1048576K
}
Event: 33.877 GC heap after
{Heap after GC invocations=30 (full 0):
 garbage-first heap   total 774144K, used 286413K [0x00000006c0000000, 0x0000000800000000)
  region size 4096K, 6 young (24576K), 6 survivors (24576K)
 Metaspace       used 67274K, committed 67968K, reserved 1114112K
  class space    used 9404K, committed 9728K, reserved 1048576K
}
Event: 33.913 GC heap before
{Heap before GC invocations=30 (full 0):
 garbage-first heap   total 774144K, used 298701K [0x00000006c0000000, 0x0000000800000000)
  region size 4096K, 9 young (36864K), 6 survivors (24576K)
 Metaspace       used 67371K, committed 68032K, reserved 1114112K
  class space    used 9418K, committed 9728K, reserved 1048576K
}
Event: 33.969 GC heap after
{Heap after GC invocations=31 (full 0):
 garbage-first heap   total 2269184K, used 286086K [0x00000006c0000000, 0x0000000800000000)
  region size 4096K, 1 young (4096K), 1 survivors (4096K)
 Metaspace       used 67371K, committed 68032K, reserved 1114112K
  class space    used 9418K, committed 9728K, reserved 1048576K
}
Event: 38.685 GC heap before
{Heap before GC invocations=31 (full 0):
 garbage-first heap   total 2269184K, used 1617286K [0x00000006c0000000, 0x0000000800000000)
  region size 4096K, 325 young (1331200K), 1 survivors (4096K)
 Metaspace       used 78430K, committed 79232K, reserved 1122304K
  class space    used 11195K, committed 11584K, reserved 1048576K
}
Event: 38.740 GC heap after
{Heap after GC invocations=32 (full 0):
 garbage-first heap   total 2269184K, used 317192K [0x00000006c0000000, 0x0000000800000000)
  region size 4096K, 8 young (32768K), 8 survivors (32768K)
 Metaspace       used 78430K, committed 79232K, reserved 1122304K
  class space    used 11195K, committed 11584K, reserved 1048576K
}
Event: 45.501 GC heap before
{Heap before GC invocations=33 (full 0):
 garbage-first heap   total 1748992K, used 1611528K [0x00000006c0000000, 0x0000000800000000)
  region size 4096K, 324 young (1327104K), 8 survivors (32768K)
 Metaspace       used 87092K, committed 87936K, reserved 1130496K
  class space    used 12225K, committed 12608K, reserved 1048576K
}
Event: 45.569 GC heap after
{Heap after GC invocations=34 (full 0):
 garbage-first heap   total 1748992K, used 347526K [0x00000006c0000000, 0x0000000800000000)
  region size 4096K, 13 young (53248K), 13 survivors (53248K)
 Metaspace       used 87092K, committed 87936K, reserved 1130496K
  class space    used 12225K, committed 12608K, reserved 1048576K
}
Event: 45.750 GC heap before
{Heap before GC invocations=34 (full 0):
 garbage-first heap   total 1748992K, used 380294K [0x00000006c0000000, 0x0000000800000000)
  region size 4096K, 21 young (86016K), 13 survivors (53248K)
 Metaspace       used 87113K, committed 87936K, reserved 1130496K
  class space    used 12228K, committed 12608K, reserved 1048576K
}
Event: 45.811 GC heap after
{Heap after GC invocations=35 (full 0):
 garbage-first heap   total 1748992K, used 351737K [0x00000006c0000000, 0x0000000800000000)
  region size 4096K, 2 young (8192K), 2 survivors (8192K)
 Metaspace       used 87113K, committed 87936K, reserved 1130496K
  class space    used 12228K, committed 12608K, reserved 1048576K
}

