# JRE version: Java(TM) SE Runtime Environment (17.0.2+8) (build 17.0.2+8-LTS-86)
# Java VM: Java HotSpot(TM) 64-Bit Server VM (17.0.2+8-LTS-86, mixed mode, sharing, tiered, compressed oops, compressed class ptrs, g1 gc, windows-amd64)
GC Precious Log:
 CPUs: 4 total, 4 available
 Memory: 8128M
 Large Page Support: Disabled
 NUMA Support: Disabled
 Compressed Oops: Enabled (Zero based)
 Heap Region Size: 4M
 Heap Min Capacity: 204M
 Heap Initial Capacity: 204M
 Heap Max Capacity: 5G
 Pre-touch: Disabled
 Parallel Workers: 4
 Concurrent Workers: 1
 Concurrent Refinement Workers: 4
 Periodic GC: Disabled
Heap:
 garbage-first heap   total 1462272K, used 762748K [0x00000004aa800000, 0x00000005ea800000)
  region size 4096K, 103 young (421888K), 8 survivors (32768K)
 Metaspace       used 90593K, committed 91328K, reserved 1130496K
  class space    used 12597K, committed 12928K, reserved 1048576K
GC Heap History (20 events):
Event: 29.741 GC heap before
{Heap before GC invocations=24 (full 0):
 garbage-first heap   total 671744K, used 521060K [0x00000004aa800000, 0x00000005ea800000)
  region size 4096K, 76 young (311296K), 2 survivors (8192K)
 Metaspace       used 59120K, committed 59776K, reserved 1105920K
  class space    used 8349K, committed 8640K, reserved 1048576K
}
Event: 29.812 GC heap after
{Heap after GC invocations=25 (full 0):
 garbage-first heap   total 671744K, used 256868K [0x00000004aa800000, 0x00000005ea800000)
  region size 4096K, 10 young (40960K), 10 survivors (40960K)
 Metaspace       used 59120K, committed 59776K, reserved 1105920K
  class space    used 8349K, committed 8640K, reserved 1048576K
}
Event: 30.702 GC heap before
{Heap before GC invocations=25 (full 0):
 garbage-first heap   total 671744K, used 523108K [0x00000004aa800000, 0x00000005ea800000)
  region size 4096K, 75 young (307200K), 10 survivors (40960K)
 Metaspace       used 63874K, committed 64576K, reserved 1105920K
  class space    used 8919K, committed 9216K, reserved 1048576K
}
Event: 30.776 GC heap after
{Heap after GC invocations=26 (full 0):
 garbage-first heap   total 671744K, used 277535K [0x00000004aa800000, 0x00000005ea800000)
  region size 4096K, 5 young (20480K), 5 survivors (20480K)
 Metaspace       used 63874K, committed 64576K, reserved 1105920K
  class space    used 8919K, committed 9216K, reserved 1048576K
}
Event: 31.414 GC heap before
{Heap before GC invocations=26 (full 0):
 garbage-first heap   total 671744K, used 515103K [0x00000004aa800000, 0x00000005ea800000)
  region size 4096K, 64 young (262144K), 5 survivors (20480K)
 Metaspace       used 64674K, committed 65280K, reserved 1105920K
  class space    used 9070K, committed 9344K, reserved 1048576K
}
Event: 31.451 GC heap after
{Heap after GC invocations=27 (full 0):
 garbage-first heap   total 671744K, used 281631K [0x00000004aa800000, 0x00000005ea800000)
  region size 4096K, 6 young (24576K), 6 survivors (24576K)
 Metaspace       used 64674K, committed 65280K, reserved 1105920K
  class space    used 9070K, committed 9344K, reserved 1048576K
}
Event: 32.656 GC heap before
{Heap before GC invocations=28 (full 0):
 garbage-first heap   total 786432K, used 531487K [0x00000004aa800000, 0x00000005ea800000)
  region size 4096K, 68 young (278528K), 6 survivors (24576K)
 Metaspace       used 67207K, committed 67904K, reserved 1114112K
  class space    used 9394K, committed 9728K, reserved 1048576K
}
Event: 32.698 GC heap after
{Heap after GC invocations=29 (full 0):
 garbage-first heap   total 786432K, used 289118K [0x00000004aa800000, 0x00000005ea800000)
  region size 4096K, 4 young (16384K), 4 survivors (16384K)
 Metaspace       used 67207K, committed 67904K, reserved 1114112K
  class space    used 9394K, committed 9728K, reserved 1048576K
}
Event: 32.744 GC heap before
{Heap before GC invocations=29 (full 0):
 garbage-first heap   total 786432K, used 309598K [0x00000004aa800000, 0x00000005ea800000)
  region size 4096K, 9 young (36864K), 4 survivors (16384K)
 Metaspace       used 67323K, committed 67968K, reserved 1114112K
  class space    used 9412K, committed 9728K, reserved 1048576K
}
Event: 32.779 GC heap after
{Heap after GC invocations=30 (full 0):
 garbage-first heap   total 2359296K, used 289558K [0x00000004aa800000, 0x00000005ea800000)
  region size 4096K, 1 young (4096K), 1 survivors (4096K)
 Metaspace       used 67323K, committed 67968K, reserved 1114112K
  class space    used 9412K, committed 9728K, reserved 1048576K
}
Event: 37.682 GC heap before
{Heap before GC invocations=30 (full 0):
 garbage-first heap   total 2359296K, used 1702678K [0x00000004aa800000, 0x00000005ea800000)
  region size 4096K, 345 young (1413120K), 1 survivors (4096K)
 Metaspace       used 79078K, committed 79872K, reserved 1122304K
  class space    used 11231K, committed 11584K, reserved 1048576K
}
Event: 37.739 GC heap after
{Heap after GC invocations=31 (full 0):
 garbage-first heap   total 2359296K, used 321463K [0x00000004aa800000, 0x00000005ea800000)
  region size 4096K, 8 young (32768K), 8 survivors (32768K)
 Metaspace       used 79078K, committed 79872K, reserved 1122304K
  class space    used 11231K, committed 11584K, reserved 1048576K
}
Event: 43.736 GC heap before
{Heap before GC invocations=32 (full 0):
 garbage-first heap   total 1462272K, used 1370039K [0x00000004aa800000, 0x00000005ea800000)
  region size 4096K, 264 young (1081344K), 8 survivors (32768K)
 Metaspace       used 87185K, committed 88000K, reserved 1130496K
  class space    used 12241K, committed 12608K, reserved 1048576K
}
Event: 43.797 GC heap after
{Heap after GC invocations=33 (full 0):
 garbage-first heap   total 1462272K, used 352256K [0x00000004aa800000, 0x00000005ea800000)
  region size 4096K, 13 young (53248K), 13 survivors (53248K)
 Metaspace       used 87185K, committed 88000K, reserved 1130496K
  class space    used 12241K, committed 12608K, reserved 1048576K
}
Event: 43.981 GC heap before
{Heap before GC invocations=33 (full 0):
 garbage-first heap   total 1462272K, used 364544K [0x00000004aa800000, 0x00000005ea800000)
  region size 4096K, 17 young (69632K), 13 survivors (53248K)
 Metaspace       used 87200K, committed 88000K, reserved 1130496K
  class space    used 12242K, committed 12608K, reserved 1048576K
}
Event: 44.035 GC heap after
{Heap after GC invocations=34 (full 0):
 garbage-first heap   total 1462272K, used 356352K [0x00000004aa800000, 0x00000005ea800000)
  region size 4096K, 2 young (8192K), 2 survivors (8192K)
 Metaspace       used 87200K, committed 88000K, reserved 1130496K
  class space    used 12242K, committed 12608K, reserved 1048576K
}
Event: 49.381 GC heap before
{Heap before GC invocations=34 (full 0):
 garbage-first heap   total 1462272K, used 1224704K [0x00000004aa800000, 0x00000005ea800000)
  region size 4096K, 214 young (876544K), 2 survivors (8192K)
 Metaspace       used 90388K, committed 91200K, reserved 1130496K
  class space    used 12592K, committed 12928K, reserved 1048576K
}
Event: 49.413 GC heap after
{Heap after GC invocations=35 (full 0):
 garbage-first heap   total 1462272K, used 370302K [0x00000004aa800000, 0x00000005ea800000)
  region size 4096K, 6 young (24576K), 6 survivors (24576K)
 Metaspace       used 90388K, committed 91200K, reserved 1130496K
  class space    used 12592K, committed 12928K, reserved 1048576K
}
Event: 52.941 GC heap before
{Heap before GC invocations=35 (full 0):
 garbage-first heap   total 1462272K, used 1222270K [0x00000004aa800000, 0x00000005ea800000)
  region size 4096K, 214 young (876544K), 6 survivors (24576K)
 Metaspace       used 90569K, committed 91328K, reserved 1130496K
  class space    used 12594K, committed 12928K, reserved 1048576K
}
Event: 52.983 GC heap after
{Heap after GC invocations=36 (full 0):
 garbage-first heap   total 1462272K, used 377724K [0x00000004aa800000, 0x00000005ea800000)
  region size 4096K, 8 young (32768K), 8 survivors (32768K)
 Metaspace       used 90569K, committed 91328K, reserved 1130496K
  class space    used 12594K, committed 12928K, reserved 1048576K
}

