# JRE version: Java(TM) SE Runtime Environment (17.0.2+8) (build 17.0.2+8-LTS-86)
# Java VM: Java HotSpot(TM) 64-Bit Server VM (17.0.2+8-LTS-86, mixed mode, sharing, tiered, compressed oops, compressed class ptrs, g1 gc, windows-amd64)
GC Precious Log:
 CPUs: 4 total, 4 available
 Memory: 8128M
 Large Page Support: Disabled
 NUMA Support: Disabled
 Compressed Oops: Enabled (Zero based)
 Heap Region Size: 4M
 Heap Min Capacity: 204M
 Heap Initial Capacity: 204M
 Heap Max Capacity: 5G
 Pre-touch: Disabled
 Parallel Workers: 4
 Concurrent Workers: 1
 Concurrent Refinement Workers: 4
 Periodic GC: Disabled
Heap:
 garbage-first heap   total 1368064K, used 464144K [0x00000006c0000000, 0x0000000800000000)
  region size 4096K, 29 young (118784K), 9 survivors (36864K)
 Metaspace       used 89736K, committed 90496K, reserved 1130496K
  class space    used 12518K, committed 12864K, reserved 1048576K
GC Heap History (20 events):
Event: 42.784 GC heap before
{Heap before GC invocations=29 (full 0):
 garbage-first heap   total 1474560K, used 1154426K [0x00000006c0000000, 0x0000000800000000)
  region size 4096K, 216 young (884736K), 8 survivors (32768K)
 Metaspace       used 67475K, committed 68224K, reserved 1114112K
  class space    used 9432K, committed 9792K, reserved 1048576K
}
Event: 42.851 GC heap after
{Heap after GC invocations=30 (full 0):
 garbage-first heap   total 1474560K, used 325948K [0x00000006c0000000, 0x0000000800000000)
  region size 4096K, 12 young (49152K), 12 survivors (49152K)
 Metaspace       used 67475K, committed 68224K, reserved 1114112K
  class space    used 9432K, committed 9792K, reserved 1048576K
}
Event: 42.909 GC heap before
{Heap before GC invocations=30 (full 0):
 garbage-first heap   total 1474560K, used 350524K [0x00000006c0000000, 0x0000000800000000)
  region size 4096K, 18 young (73728K), 12 survivors (49152K)
 Metaspace       used 67566K, committed 68288K, reserved 1114112K
  class space    used 9447K, committed 9792K, reserved 1048576K
}
Event: 42.971 GC heap after
{Heap after GC invocations=31 (full 0):
 garbage-first heap   total 1474560K, used 331650K [0x00000006c0000000, 0x0000000800000000)
  region size 4096K, 2 young (8192K), 2 survivors (8192K)
 Metaspace       used 67566K, committed 68288K, reserved 1114112K
  class space    used 9447K, committed 9792K, reserved 1048576K
}
Event: 44.956 GC heap before
{Heap before GC invocations=31 (full 0):
 garbage-first heap   total 1474560K, used 1191810K [0x00000006c0000000, 0x0000000800000000)
  region size 4096K, 212 young (868352K), 2 survivors (8192K)
 Metaspace       used 72170K, committed 72832K, reserved 1114112K
  class space    used 10187K, committed 10496K, reserved 1048576K
}
Event: 44.970 GC heap after
{Heap after GC invocations=32 (full 0):
 garbage-first heap   total 1474560K, used 330166K [0x00000006c0000000, 0x0000000800000000)
  region size 4096K, 2 young (8192K), 2 survivors (8192K)
 Metaspace       used 72170K, committed 72832K, reserved 1114112K
  class space    used 10187K, committed 10496K, reserved 1048576K
}
Event: 48.438 GC heap before
{Heap before GC invocations=33 (full 0):
 garbage-first heap   total 1368064K, used 1206710K [0x00000006c0000000, 0x0000000800000000)
  region size 4096K, 216 young (884736K), 2 survivors (8192K)
 Metaspace       used 78076K, committed 78848K, reserved 1122304K
  class space    used 11150K, committed 11520K, reserved 1048576K
}
Event: 48.467 GC heap after
{Heap after GC invocations=34 (full 0):
 garbage-first heap   total 1368064K, used 343895K [0x00000006c0000000, 0x0000000800000000)
  region size 4096K, 5 young (20480K), 5 survivors (20480K)
 Metaspace       used 78076K, committed 78848K, reserved 1122304K
  class space    used 11150K, committed 11520K, reserved 1048576K
}
Event: 48.529 GC heap before
{Heap before GC invocations=34 (full 0):
 garbage-first heap   total 1368064K, used 388951K [0x00000006c0000000, 0x0000000800000000)
  region size 4096K, 16 young (65536K), 5 survivors (20480K)
 Metaspace       used 78077K, committed 78848K, reserved 1122304K
  class space    used 11150K, committed 11520K, reserved 1048576K
}
Event: 48.552 GC heap after
{Heap after GC invocations=35 (full 0):
 garbage-first heap   total 1368064K, used 346084K [0x00000006c0000000, 0x0000000800000000)
  region size 4096K, 1 young (4096K), 1 survivors (4096K)
 Metaspace       used 78077K, committed 78848K, reserved 1122304K
  class space    used 11150K, committed 11520K, reserved 1048576K
}
Event: 50.727 GC heap before
{Heap before GC invocations=35 (full 0):
 garbage-first heap   total 1368064K, used 1157092K [0x00000006c0000000, 0x0000000800000000)
  region size 4096K, 199 young (815104K), 1 survivors (4096K)
 Metaspace       used 81795K, committed 82560K, reserved 1122304K
  class space    used 11431K, committed 11776K, reserved 1048576K
}
Event: 50.742 GC heap after
{Heap after GC invocations=36 (full 0):
 garbage-first heap   total 1368064K, used 347047K [0x00000006c0000000, 0x0000000800000000)
  region size 4096K, 1 young (4096K), 1 survivors (4096K)
 Metaspace       used 81795K, committed 82560K, reserved 1122304K
  class space    used 11431K, committed 11776K, reserved 1048576K
}
Event: 52.572 GC heap before
{Heap before GC invocations=36 (full 0):
 garbage-first heap   total 1368064K, used 1166247K [0x00000006c0000000, 0x0000000800000000)
  region size 4096K, 200 young (819200K), 1 survivors (4096K)
 Metaspace       used 84593K, committed 85376K, reserved 1122304K
  class space    used 11832K, committed 12160K, reserved 1048576K
}
Event: 52.583 GC heap after
{Heap after GC invocations=37 (full 0):
 garbage-first heap   total 1368064K, used 359712K [0x00000006c0000000, 0x0000000800000000)
  region size 4096K, 3 young (12288K), 3 survivors (12288K)
 Metaspace       used 84593K, committed 85376K, reserved 1122304K
  class space    used 11832K, committed 12160K, reserved 1048576K
}
Event: 54.542 GC heap before
{Heap before GC invocations=37 (full 0):
 garbage-first heap   total 1368064K, used 1162528K [0x00000006c0000000, 0x0000000800000000)
  region size 4096K, 200 young (819200K), 3 survivors (12288K)
 Metaspace       used 86971K, committed 87808K, reserved 1130496K
  class space    used 12234K, committed 12608K, reserved 1048576K
}
Event: 54.557 GC heap after
{Heap after GC invocations=38 (full 0):
 garbage-first heap   total 1368064K, used 364116K [0x00000006c0000000, 0x0000000800000000)
  region size 4096K, 4 young (16384K), 4 survivors (16384K)
 Metaspace       used 86971K, committed 87808K, reserved 1130496K
  class space    used 12234K, committed 12608K, reserved 1048576K
}
Event: 56.825 GC heap before
{Heap before GC invocations=38 (full 0):
 garbage-first heap   total 1368064K, used 1166932K [0x00000006c0000000, 0x0000000800000000)
  region size 4096K, 200 young (819200K), 4 survivors (16384K)
 Metaspace       used 88984K, committed 89792K, reserved 1130496K
  class space    used 12475K, committed 12800K, reserved 1048576K
}
Event: 56.846 GC heap after
{Heap after GC invocations=39 (full 0):
 garbage-first heap   total 1368064K, used 371224K [0x00000006c0000000, 0x0000000800000000)
  region size 4096K, 5 young (20480K), 5 survivors (20480K)
 Metaspace       used 88984K, committed 89792K, reserved 1130496K
  class space    used 12475K, committed 12800K, reserved 1048576K
}
Event: 59.032 GC heap before
{Heap before GC invocations=39 (full 0):
 garbage-first heap   total 1368064K, used 1165848K [0x00000006c0000000, 0x0000000800000000)
  region size 4096K, 200 young (819200K), 5 survivors (20480K)
 Metaspace       used 89578K, committed 90368K, reserved 1130496K
  class space    used 12508K, committed 12864K, reserved 1048576K
}
Event: 59.069 GC heap after
{Heap after GC invocations=40 (full 0):
 garbage-first heap   total 1368064K, used 386320K [0x00000006c0000000, 0x0000000800000000)
  region size 4096K, 9 young (36864K), 9 survivors (36864K)
 Metaspace       used 89578K, committed 90368K, reserved 1130496K
  class space    used 12508K, committed 12864K, reserved 1048576K
}

