# JRE version: Java(TM) SE Runtime Environment (17.0.2+8) (build 17.0.2+8-LTS-86)
# Java VM: Java HotSpot(TM) 64-Bit Server VM (17.0.2+8-LTS-86, mixed mode, sharing, tiered, compressed oops, compressed class ptrs, g1 gc, windows-amd64)
GC Precious Log:
 CPUs: 4 total, 4 available
 Memory: 8128M
 Large Page Support: Disabled
 NUMA Support: Disabled
 Compressed Oops: Enabled (Zero based)
 Heap Region Size: 4M
 Heap Min Capacity: 204M
 Heap Initial Capacity: 204M
 Heap Max Capacity: 5G
 Pre-touch: Disabled
 Parallel Workers: 4
 Concurrent Workers: 1
 Concurrent Refinement Workers: 4
 Periodic GC: Disabled
Heap:
 garbage-first heap   total 1871872K, used 535033K [0x00000006c0000000, 0x0000000800000000)
  region size 4096K, 60 young (245760K), 19 survivors (77824K)
 Metaspace       used 90464K, committed 91200K, reserved 1130496K
  class space    used 12576K, committed 12928K, reserved 1048576K
GC Heap History (20 events):
Event: 32.587 GC heap before
{Heap before GC invocations=24 (full 0):
 garbage-first heap   total 671744K, used 607028K [0x00000006c0000000, 0x0000000800000000)
  region size 4096K, 114 young (466944K), 4 survivors (16384K)
 Metaspace       used 57176K, committed 57856K, reserved 1105920K
  class space    used 8133K, committed 8448K, reserved 1048576K
}
Event: 32.666 GC heap after
{Heap after GC invocations=25 (full 0):
 garbage-first heap   total 679936K, used 206891K [0x00000006c0000000, 0x0000000800000000)
  region size 4096K, 15 young (61440K), 15 survivors (61440K)
 Metaspace       used 57176K, committed 57856K, reserved 1105920K
  class space    used 8133K, committed 8448K, reserved 1048576K
}
Event: 32.820 GC heap before
{Heap before GC invocations=25 (full 0):
 garbage-first heap   total 679936K, used 210987K [0x00000006c0000000, 0x0000000800000000)
  region size 4096K, 16 young (65536K), 15 survivors (61440K)
 Metaspace       used 57534K, committed 58176K, reserved 1105920K
  class space    used 8206K, committed 8512K, reserved 1048576K
}
Event: 32.887 GC heap after
{Heap after GC invocations=26 (full 0):
 garbage-first heap   total 679936K, used 214470K [0x00000006c0000000, 0x0000000800000000)
  region size 4096K, 2 young (8192K), 2 survivors (8192K)
 Metaspace       used 57534K, committed 58176K, reserved 1105920K
  class space    used 8206K, committed 8512K, reserved 1048576K
}
Event: 35.683 GC heap before
{Heap before GC invocations=26 (full 0):
 garbage-first heap   total 679936K, used 447942K [0x00000006c0000000, 0x0000000800000000)
  region size 4096K, 59 young (241664K), 2 survivors (8192K)
 Metaspace       used 65653K, committed 66240K, reserved 1114112K
  class space    used 9193K, committed 9472K, reserved 1048576K
}
Event: 35.725 GC heap after
{Heap after GC invocations=27 (full 0):
 garbage-first heap   total 679936K, used 239046K [0x00000006c0000000, 0x0000000800000000)
  region size 4096K, 7 young (28672K), 7 survivors (28672K)
 Metaspace       used 65653K, committed 66240K, reserved 1114112K
  class space    used 9193K, committed 9472K, reserved 1048576K
}
Event: 37.632 GC heap before
{Heap before GC invocations=28 (full 0):
 garbage-first heap   total 679936K, used 529862K [0x00000006c0000000, 0x0000000800000000)
  region size 4096K, 79 young (323584K), 7 survivors (28672K)
 Metaspace       used 69296K, committed 69888K, reserved 1114112K
  class space    used 9703K, committed 9984K, reserved 1048576K
}
Event: 37.708 GC heap after
{Heap after GC invocations=29 (full 0):
 garbage-first heap   total 679936K, used 270293K [0x00000006c0000000, 0x0000000800000000)
  region size 4096K, 8 young (32768K), 8 survivors (32768K)
 Metaspace       used 69296K, committed 69888K, reserved 1114112K
  class space    used 9703K, committed 9984K, reserved 1048576K
}
Event: 37.770 GC heap before
{Heap before GC invocations=29 (full 0):
 garbage-first heap   total 679936K, used 274389K [0x00000006c0000000, 0x0000000800000000)
  region size 4096K, 9 young (36864K), 8 survivors (32768K)
 Metaspace       used 69385K, committed 70080K, reserved 1114112K
  class space    used 9721K, committed 10048K, reserved 1048576K
}
Event: 37.815 GC heap after
{Heap after GC invocations=30 (full 0):
 garbage-first heap   total 679936K, used 272816K [0x00000006c0000000, 0x0000000800000000)
  region size 4096K, 2 young (8192K), 2 survivors (8192K)
 Metaspace       used 69385K, committed 70080K, reserved 1114112K
  class space    used 9721K, committed 10048K, reserved 1048576K
}
Event: 39.090 GC heap before
{Heap before GC invocations=30 (full 0):
 garbage-first heap   total 679936K, used 534960K [0x00000006c0000000, 0x0000000800000000)
  region size 4096K, 66 young (270336K), 2 survivors (8192K)
 Metaspace       used 72271K, committed 72960K, reserved 1114112K
  class space    used 10183K, committed 10496K, reserved 1048576K
}
Event: 39.113 GC heap after
{Heap after GC invocations=31 (full 0):
 garbage-first heap   total 679936K, used 278713K [0x00000006c0000000, 0x0000000800000000)
  region size 4096K, 3 young (12288K), 3 survivors (12288K)
 Metaspace       used 72271K, committed 72960K, reserved 1114112K
  class space    used 10183K, committed 10496K, reserved 1048576K
}
Event: 40.685 GC heap before
{Heap before GC invocations=32 (full 0):
 garbage-first heap   total 733184K, used 540857K [0x00000006c0000000, 0x0000000800000000)
  region size 4096K, 67 young (274432K), 3 survivors (12288K)
 Metaspace       used 76044K, committed 76736K, reserved 1122304K
  class space    used 10813K, committed 11136K, reserved 1048576K
}
Event: 40.714 GC heap after
{Heap after GC invocations=33 (full 0):
 garbage-first heap   total 733184K, used 285214K [0x00000006c0000000, 0x0000000800000000)
  region size 4096K, 5 young (20480K), 5 survivors (20480K)
 Metaspace       used 76044K, committed 76736K, reserved 1122304K
  class space    used 10813K, committed 11136K, reserved 1048576K
}
Event: 40.840 GC heap before
{Heap before GC invocations=33 (full 0):
 garbage-first heap   total 733184K, used 297502K [0x00000006c0000000, 0x0000000800000000)
  region size 4096K, 8 young (32768K), 5 survivors (20480K)
 Metaspace       used 76343K, committed 77056K, reserved 1122304K
  class space    used 10869K, committed 11200K, reserved 1048576K
}
Event: 40.879 GC heap after
{Heap after GC invocations=34 (full 0):
 garbage-first heap   total 1871872K, used 286601K [0x00000006c0000000, 0x0000000800000000)
  region size 4096K, 1 young (4096K), 1 survivors (4096K)
 Metaspace       used 76343K, committed 77056K, reserved 1122304K
  class space    used 10869K, committed 11200K, reserved 1048576K
}
Event: 49.043 GC heap before
{Heap before GC invocations=34 (full 0):
 garbage-first heap   total 1871872K, used 1384329K [0x00000006c0000000, 0x0000000800000000)
  region size 4096K, 268 young (1097728K), 1 survivors (4096K)
 Metaspace       used 85998K, committed 86784K, reserved 1130496K
  class space    used 12018K, committed 12352K, reserved 1048576K
}
Event: 49.118 GC heap after
{Heap after GC invocations=35 (full 0):
 garbage-first heap   total 1871872K, used 335123K [0x00000006c0000000, 0x0000000800000000)
  region size 4096K, 11 young (45056K), 11 survivors (45056K)
 Metaspace       used 85998K, committed 86784K, reserved 1130496K
  class space    used 12018K, committed 12352K, reserved 1048576K
}
Event: 57.885 GC heap before
{Heap before GC invocations=35 (full 0):
 garbage-first heap   total 1871872K, used 1326355K [0x00000006c0000000, 0x0000000800000000)
  region size 4096K, 252 young (1032192K), 11 survivors (45056K)
 Metaspace       used 90446K, committed 91200K, reserved 1130496K
  class space    used 12576K, committed 12928K, reserved 1048576K
}
Event: 57.982 GC heap after
{Heap after GC invocations=36 (full 0):
 garbage-first heap   total 1871872K, used 371193K [0x00000006c0000000, 0x0000000800000000)
  region size 4096K, 19 young (77824K), 19 survivors (77824K)
 Metaspace       used 90446K, committed 91200K, reserved 1130496K
  class space    used 12576K, committed 12928K, reserved 1048576K
}

