# JRE version: Java(TM) SE Runtime Environment (17.0.2+8) (build 17.0.2+8-LTS-86)
# Java VM: Java HotSpot(TM) 64-Bit Server VM (17.0.2+8-LTS-86, mixed mode, sharing, tiered, compressed oops, compressed class ptrs, g1 gc, windows-amd64)
GC Precious Log:
 CPUs: 4 total, 4 available
 Memory: 8128M
 Large Page Support: Disabled
 NUMA Support: Disabled
 Compressed Oops: Enabled (Zero based)
 Heap Region Size: 4M
 Heap Min Capacity: 204M
 Heap Initial Capacity: 204M
 Heap Max Capacity: 5G
 Pre-touch: Disabled
 Parallel Workers: 4
 Concurrent Workers: 1
 Concurrent Refinement Workers: 4
 Periodic GC: Disabled
Heap:
 garbage-first heap   total 1327104K, used 969240K [0x00000006c0000000, 0x0000000800000000)
  region size 4096K, 152 young (622592K), 2 survivors (8192K)
 Metaspace       used 89591K, committed 90368K, reserved 1130496K
  class space    used 12520K, committed 12864K, reserved 1048576K
GC Heap History (20 events):
Event: 26.551 GC heap before
{Heap before GC invocations=23 (full 0):
 garbage-first heap   total 491520K, used 382398K [0x00000006c0000000, 0x0000000800000000)
  region size 4096K, 54 young (221184K), 8 survivors (32768K)
 Metaspace       used 53650K, committed 54272K, reserved 1097728K
  class space    used 7521K, committed 7808K, reserved 1048576K
}
Event: 26.604 GC heap after
{Heap after GC invocations=24 (full 0):
 garbage-first heap   total 491520K, used 210924K [0x00000006c0000000, 0x0000000800000000)
  region size 4096K, 4 young (16384K), 4 survivors (16384K)
 Metaspace       used 53650K, committed 54272K, reserved 1097728K
  class space    used 7521K, committed 7808K, reserved 1048576K
}
Event: 26.705 GC heap before
{Heap before GC invocations=24 (full 0):
 garbage-first heap   total 491520K, used 219116K [0x00000006c0000000, 0x0000000800000000)
  region size 4096K, 6 young (24576K), 4 survivors (16384K)
 Metaspace       used 53650K, committed 54272K, reserved 1097728K
  class space    used 7521K, committed 7808K, reserved 1048576K
}
Event: 26.730 GC heap after
{Heap after GC invocations=25 (full 0):
 garbage-first heap   total 1073152K, used 213687K [0x00000006c0000000, 0x0000000800000000)
  region size 4096K, 1 young (4096K), 1 survivors (4096K)
 Metaspace       used 53650K, committed 54272K, reserved 1097728K
  class space    used 7521K, committed 7808K, reserved 1048576K
}
Event: 29.856 GC heap before
{Heap before GC invocations=25 (full 0):
 garbage-first heap   total 1073152K, used 844471K [0x00000006c0000000, 0x0000000800000000)
  region size 4096K, 155 young (634880K), 1 survivors (4096K)
 Metaspace       used 63800K, committed 64512K, reserved 1105920K
  class space    used 8913K, committed 9216K, reserved 1048576K
}
Event: 29.956 GC heap after
{Heap after GC invocations=26 (full 0):
 garbage-first heap   total 1073152K, used 280316K [0x00000006c0000000, 0x0000000800000000)
  region size 4096K, 17 young (69632K), 17 survivors (69632K)
 Metaspace       used 63800K, committed 64512K, reserved 1105920K
  class space    used 8913K, committed 9216K, reserved 1048576K
}
Event: 30.949 GC heap before
{Heap before GC invocations=26 (full 0):
 garbage-first heap   total 1073152K, used 771836K [0x00000006c0000000, 0x0000000800000000)
  region size 4096K, 137 young (561152K), 17 survivors (69632K)
 Metaspace       used 65355K, committed 66048K, reserved 1114112K
  class space    used 9153K, committed 9472K, reserved 1048576K
}
Event: 31.044 GC heap after
{Heap after GC invocations=27 (full 0):
 garbage-first heap   total 1073152K, used 292034K [0x00000006c0000000, 0x0000000800000000)
  region size 4096K, 3 young (12288K), 3 survivors (12288K)
 Metaspace       used 65355K, committed 66048K, reserved 1114112K
  class space    used 9153K, committed 9472K, reserved 1048576K
}
Event: 33.685 GC heap before
{Heap before GC invocations=27 (full 0):
 garbage-first heap   total 1073152K, used 816322K [0x00000006c0000000, 0x0000000800000000)
  region size 4096K, 131 young (536576K), 3 survivors (12288K)
 Metaspace       used 72690K, committed 73344K, reserved 1114112K
  class space    used 10245K, committed 10560K, reserved 1048576K
}
Event: 33.739 GC heap after
{Heap after GC invocations=28 (full 0):
 garbage-first heap   total 1073152K, used 316321K [0x00000006c0000000, 0x0000000800000000)
  region size 4096K, 8 young (32768K), 8 survivors (32768K)
 Metaspace       used 72690K, committed 73344K, reserved 1114112K
  class space    used 10245K, committed 10560K, reserved 1048576K
}
Event: 34.634 GC heap before
{Heap before GC invocations=28 (full 0):
 garbage-first heap   total 1073152K, used 840609K [0x00000006c0000000, 0x0000000800000000)
  region size 4096K, 136 young (557056K), 8 survivors (32768K)
 Metaspace       used 75619K, committed 76352K, reserved 1122304K
  class space    used 10737K, committed 11072K, reserved 1048576K
}
Event: 34.683 GC heap after
{Heap after GC invocations=29 (full 0):
 garbage-first heap   total 1073152K, used 317989K [0x00000006c0000000, 0x0000000800000000)
  region size 4096K, 9 young (36864K), 9 survivors (36864K)
 Metaspace       used 75619K, committed 76352K, reserved 1122304K
  class space    used 10737K, committed 11072K, reserved 1048576K
}
Event: 35.632 GC heap before
{Heap before GC invocations=29 (full 0):
 garbage-first heap   total 1073152K, used 862757K [0x00000006c0000000, 0x0000000800000000)
  region size 4096K, 142 young (581632K), 9 survivors (36864K)
 Metaspace       used 78122K, committed 78848K, reserved 1122304K
  class space    used 11149K, committed 11456K, reserved 1048576K
}
Event: 35.687 GC heap after
{Heap after GC invocations=30 (full 0):
 garbage-first heap   total 1073152K, used 322260K [0x00000006c0000000, 0x0000000800000000)
  region size 4096K, 10 young (40960K), 10 survivors (40960K)
 Metaspace       used 78122K, committed 78848K, reserved 1122304K
  class space    used 11149K, committed 11456K, reserved 1048576K
}
Event: 36.871 GC heap before
{Heap before GC invocations=30 (full 0):
 garbage-first heap   total 1073152K, used 694996K [0x00000006c0000000, 0x0000000800000000)
  region size 4096K, 102 young (417792K), 10 survivors (40960K)
 Metaspace       used 80187K, committed 80960K, reserved 1122304K
  class space    used 11284K, committed 11648K, reserved 1048576K
}
Event: 36.933 GC heap after
{Heap after GC invocations=31 (full 0):
 garbage-first heap   total 1789952K, used 328323K [0x00000006c0000000, 0x0000000800000000)
  region size 4096K, 11 young (45056K), 11 survivors (45056K)
 Metaspace       used 80187K, committed 80960K, reserved 1122304K
  class space    used 11284K, committed 11648K, reserved 1048576K
}
Event: 42.881 GC heap before
{Heap before GC invocations=32 (full 0):
 garbage-first heap   total 1327104K, used 1147523K [0x00000006c0000000, 0x0000000800000000)
  region size 4096K, 210 young (860160K), 11 survivors (45056K)
 Metaspace       used 87177K, committed 88000K, reserved 1130496K
  class space    used 12240K, committed 12608K, reserved 1048576K
}
Event: 42.959 GC heap after
{Heap after GC invocations=33 (full 0):
 garbage-first heap   total 1327104K, used 357321K [0x00000006c0000000, 0x0000000800000000)
  region size 4096K, 16 young (65536K), 16 survivors (65536K)
 Metaspace       used 87177K, committed 88000K, reserved 1130496K
  class space    used 12240K, committed 12608K, reserved 1048576K
}
Event: 43.088 GC heap before
{Heap before GC invocations=33 (full 0):
 garbage-first heap   total 1327104K, used 361417K [0x00000006c0000000, 0x0000000800000000)
  region size 4096K, 17 young (69632K), 16 survivors (65536K)
 Metaspace       used 87416K, committed 88256K, reserved 1130496K
  class space    used 12288K, committed 12672K, reserved 1048576K
}
Event: 43.174 GC heap after
{Heap after GC invocations=34 (full 0):
 garbage-first heap   total 1327104K, used 358936K [0x00000006c0000000, 0x0000000800000000)
  region size 4096K, 2 young (8192K), 2 survivors (8192K)
 Metaspace       used 87416K, committed 88256K, reserved 1130496K
  class space    used 12288K, committed 12672K, reserved 1048576K
}

