# JRE version: Java(TM) SE Runtime Environment (17.0.2+8) (build 17.0.2+8-LTS-86)
# Java VM: Java HotSpot(TM) 64-Bit Server VM (17.0.2+8-LTS-86, mixed mode, sharing, tiered, compressed oops, compressed class ptrs, g1 gc, windows-amd64)
GC Precious Log:
 CPUs: 4 total, 4 available
 Memory: 8128M
 Large Page Support: Disabled
 NUMA Support: Disabled
 Compressed Oops: Enabled (Zero based)
 Heap Region Size: 4M
 Heap Min Capacity: 204M
 Heap Initial Capacity: 204M
 Heap Max Capacity: 5G
 Pre-touch: Disabled
 Parallel Workers: 4
 Concurrent Workers: 1
 Concurrent Refinement Workers: 4
 Periodic GC: Disabled
Heap:
 garbage-first heap   total 1245184K, used 1023632K [0x00000006c0000000, 0x0000000800000000)
  region size 4096K, 166 young (679936K), 2 survivors (8192K)
 Metaspace       used 88928K, committed 89664K, reserved 1130496K
  class space    used 12463K, committed 12800K, reserved 1048576K
GC Heap History (20 events):
Event: 21.618 GC heap before
{Heap before GC invocations=18 (full 0):
 garbage-first heap   total 495616K, used 162663K [0x00000006c0000000, 0x0000000800000000)
  region size 4096K, 14 young (57344K), 13 survivors (53248K)
 Metaspace       used 38442K, committed 38848K, reserved 1089536K
  class space    used 4600K, committed 4800K, reserved 1048576K
}
Event: 21.694 GC heap after
{Heap after GC invocations=19 (full 0):
 garbage-first heap   total 495616K, used 166273K [0x00000006c0000000, 0x0000000800000000)
  region size 4096K, 2 young (8192K), 2 survivors (8192K)
 Metaspace       used 38442K, committed 38848K, reserved 1089536K
  class space    used 4600K, committed 4800K, reserved 1048576K
}
Event: 25.385 GC heap before
{Heap before GC invocations=19 (full 0):
 garbage-first heap   total 495616K, used 387457K [0x00000006c0000000, 0x0000000800000000)
  region size 4096K, 56 young (229376K), 2 survivors (8192K)
 Metaspace       used 47572K, committed 48064K, reserved 1097728K
  class space    used 6364K, committed 6592K, reserved 1048576K
}
Event: 25.424 GC heap after
{Heap after GC invocations=20 (full 0):
 garbage-first heap   total 495616K, used 194528K [0x00000006c0000000, 0x0000000800000000)
  region size 4096K, 7 young (28672K), 7 survivors (28672K)
 Metaspace       used 47572K, committed 48064K, reserved 1097728K
  class space    used 6364K, committed 6592K, reserved 1048576K
}
Event: 27.947 GC heap before
{Heap before GC invocations=21 (full 0):
 garbage-first heap   total 495616K, used 378848K [0x00000006c0000000, 0x0000000800000000)
  region size 4096K, 52 young (212992K), 7 survivors (28672K)
 Metaspace       used 53672K, committed 54336K, reserved 1097728K
  class space    used 7522K, committed 7808K, reserved 1048576K
}
Event: 28.000 GC heap after
{Heap after GC invocations=22 (full 0):
 garbage-first heap   total 495616K, used 211998K [0x00000006c0000000, 0x0000000800000000)
  region size 4096K, 4 young (16384K), 4 survivors (16384K)
 Metaspace       used 53672K, committed 54336K, reserved 1097728K
  class space    used 7522K, committed 7808K, reserved 1048576K
}
Event: 28.058 GC heap before
{Heap before GC invocations=22 (full 0):
 garbage-first heap   total 495616K, used 220190K [0x00000006c0000000, 0x0000000800000000)
  region size 4096K, 6 young (24576K), 4 survivors (16384K)
 Metaspace       used 53672K, committed 54336K, reserved 1097728K
  class space    used 7522K, committed 7808K, reserved 1048576K
}
Event: 28.088 GC heap after
{Heap after GC invocations=23 (full 0):
 garbage-first heap   total 1245184K, used 214775K [0x00000006c0000000, 0x0000000800000000)
  region size 4096K, 1 young (4096K), 1 survivors (4096K)
 Metaspace       used 53672K, committed 54336K, reserved 1097728K
  class space    used 7522K, committed 7808K, reserved 1048576K
}
Event: 34.260 GC heap before
{Heap before GC invocations=23 (full 0):
 garbage-first heap   total 1245184K, used 960247K [0x00000006c0000000, 0x0000000800000000)
  region size 4096K, 182 young (745472K), 1 survivors (4096K)
 Metaspace       used 67459K, committed 68096K, reserved 1114112K
  class space    used 9409K, committed 9728K, reserved 1048576K
}
Event: 34.370 GC heap after
{Heap after GC invocations=24 (full 0):
 garbage-first heap   total 1245184K, used 284269K [0x00000006c0000000, 0x0000000800000000)
  region size 4096K, 17 young (69632K), 17 survivors (69632K)
 Metaspace       used 67459K, committed 68096K, reserved 1114112K
  class space    used 9409K, committed 9728K, reserved 1048576K
}
Event: 36.158 GC heap before
{Heap before GC invocations=24 (full 0):
 garbage-first heap   total 1245184K, used 865901K [0x00000006c0000000, 0x0000000800000000)
  region size 4096K, 160 young (655360K), 17 survivors (69632K)
 Metaspace       used 72069K, committed 72768K, reserved 1114112K
  class space    used 10121K, committed 10432K, reserved 1048576K
}
Event: 36.259 GC heap after
{Heap after GC invocations=25 (full 0):
 garbage-first heap   total 1245184K, used 301596K [0x00000006c0000000, 0x0000000800000000)
  region size 4096K, 4 young (16384K), 4 survivors (16384K)
 Metaspace       used 72069K, committed 72768K, reserved 1114112K
  class space    used 10121K, committed 10432K, reserved 1048576K
}
Event: 38.988 GC heap before
{Heap before GC invocations=25 (full 0):
 garbage-first heap   total 1245184K, used 944668K [0x00000006c0000000, 0x0000000800000000)
  region size 4096K, 160 young (655360K), 4 survivors (16384K)
 Metaspace       used 78479K, committed 79232K, reserved 1122304K
  class space    used 11181K, committed 11520K, reserved 1048576K
}
Event: 39.046 GC heap after
{Heap after GC invocations=26 (full 0):
 garbage-first heap   total 1245184K, used 326172K [0x00000006c0000000, 0x0000000800000000)
  region size 4096K, 9 young (36864K), 9 survivors (36864K)
 Metaspace       used 78479K, committed 79232K, reserved 1122304K
  class space    used 11181K, committed 11520K, reserved 1048576K
}
Event: 40.513 GC heap before
{Heap before GC invocations=26 (full 0):
 garbage-first heap   total 1245184K, used 842268K [0x00000006c0000000, 0x0000000800000000)
  region size 4096K, 136 young (557056K), 9 survivors (36864K)
 Metaspace       used 80789K, committed 81536K, reserved 1122304K
  class space    used 11324K, committed 11712K, reserved 1048576K
}
Event: 40.574 GC heap after
{Heap after GC invocations=27 (full 0):
 garbage-first heap   total 1245184K, used 329339K [0x00000006c0000000, 0x0000000800000000)
  region size 4096K, 10 young (40960K), 10 survivors (40960K)
 Metaspace       used 80789K, committed 81536K, reserved 1122304K
  class space    used 11324K, committed 11712K, reserved 1048576K
}
Event: 45.327 GC heap before
{Heap before GC invocations=28 (full 0):
 garbage-first heap   total 1245184K, used 1009275K [0x00000006c0000000, 0x0000000800000000)
  region size 4096K, 175 young (716800K), 10 survivors (40960K)
 Metaspace       used 86984K, committed 87744K, reserved 1130496K
  class space    used 12209K, committed 12544K, reserved 1048576K
}
Event: 45.392 GC heap after
{Heap after GC invocations=29 (full 0):
 garbage-first heap   total 1245184K, used 350123K [0x00000006c0000000, 0x0000000800000000)
  region size 4096K, 13 young (53248K), 13 survivors (53248K)
 Metaspace       used 86984K, committed 87744K, reserved 1130496K
  class space    used 12209K, committed 12544K, reserved 1048576K
}
Event: 45.508 GC heap before
{Heap before GC invocations=29 (full 0):
 garbage-first heap   total 1245184K, used 358315K [0x00000006c0000000, 0x0000000800000000)
  region size 4096K, 15 young (61440K), 13 survivors (53248K)
 Metaspace       used 87224K, committed 88000K, reserved 1130496K
  class space    used 12259K, committed 12608K, reserved 1048576K
}
Event: 45.581 GC heap after
{Heap after GC invocations=30 (full 0):
 garbage-first heap   total 1245184K, used 351888K [0x00000006c0000000, 0x0000000800000000)
  region size 4096K, 2 young (8192K), 2 survivors (8192K)
 Metaspace       used 87224K, committed 88000K, reserved 1130496K
  class space    used 12259K, committed 12608K, reserved 1048576K
}

