# JRE version: Java(TM) SE Runtime Environment (17.0.2+8) (build 17.0.2+8-LTS-86)
# Java VM: Java HotSpot(TM) 64-Bit Server VM (17.0.2+8-LTS-86, mixed mode, sharing, tiered, compressed oops, compressed class ptrs, g1 gc, windows-amd64)
GC Precious Log:
 CPUs: 4 total, 4 available
 Memory: 8128M
 Large Page Support: Disabled
 NUMA Support: Disabled
 Compressed Oops: Enabled (Zero based)
 Heap Region Size: 4M
 Heap Min Capacity: 204M
 Heap Initial Capacity: 204M
 Heap Max Capacity: 5G
 Pre-touch: Disabled
 Parallel Workers: 4
 Concurrent Workers: 1
 Concurrent Refinement Workers: 4
 Periodic GC: Disabled
Heap:
 garbage-first heap   total 1572864K, used 1242612K [0x00000006c0000000, 0x0000000800000000)
  region size 4096K, 223 young (913408K), 2 survivors (8192K)
 Metaspace       used 90320K, committed 91200K, reserved 1130496K
  class space    used 12585K, committed 12992K, reserved 1048576K
GC Heap History (20 events):
Event: 28.999 GC heap before
{Heap before GC invocations=23 (full 0):
 garbage-first heap   total 712704K, used 641489K [0x00000006c0000000, 0x0000000800000000)
  region size 4096K, 123 young (503808K), 4 survivors (16384K)
 Metaspace       used 54609K, committed 55232K, reserved 1097728K
  class space    used 7684K, committed 7936K, reserved 1048576K
}
Event: 29.091 GC heap after
{Heap after GC invocations=24 (full 0):
 garbage-first heap   total 716800K, used 211575K [0x00000006c0000000, 0x0000000800000000)
  region size 4096K, 16 young (65536K), 16 survivors (65536K)
 Metaspace       used 54609K, committed 55232K, reserved 1097728K
  class space    used 7684K, committed 7936K, reserved 1048576K
}
Event: 29.162 GC heap before
{Heap before GC invocations=24 (full 0):
 garbage-first heap   total 716800K, used 215671K [0x00000006c0000000, 0x0000000800000000)
  region size 4096K, 17 young (69632K), 16 survivors (65536K)
 Metaspace       used 54745K, committed 55424K, reserved 1097728K
  class space    used 7708K, committed 8000K, reserved 1048576K
}
Event: 29.242 GC heap after
{Heap after GC invocations=25 (full 0):
 garbage-first heap   total 716800K, used 218083K [0x00000006c0000000, 0x0000000800000000)
  region size 4096K, 2 young (8192K), 2 survivors (8192K)
 Metaspace       used 54745K, committed 55424K, reserved 1097728K
  class space    used 7708K, committed 8000K, reserved 1048576K
}
Event: 31.631 GC heap before
{Heap before GC invocations=25 (full 0):
 garbage-first heap   total 716800K, used 549859K [0x00000006c0000000, 0x0000000800000000)
  region size 4096K, 82 young (335872K), 2 survivors (8192K)
 Metaspace       used 62030K, committed 62656K, reserved 1105920K
  class space    used 8681K, committed 8960K, reserved 1048576K
}
Event: 31.702 GC heap after
{Heap after GC invocations=26 (full 0):
 garbage-first heap   total 716800K, used 258280K [0x00000006c0000000, 0x0000000800000000)
  region size 4096K, 11 young (45056K), 11 survivors (45056K)
 Metaspace       used 62030K, committed 62656K, reserved 1105920K
  class space    used 8681K, committed 8960K, reserved 1048576K
}
Event: 32.598 GC heap before
{Heap before GC invocations=26 (full 0):
 garbage-first heap   total 716800K, used 549096K [0x00000006c0000000, 0x0000000800000000)
  region size 4096K, 82 young (335872K), 11 survivors (45056K)
 Metaspace       used 64357K, committed 65024K, reserved 1105920K
  class space    used 9025K, committed 9344K, reserved 1048576K
}
Event: 32.697 GC heap after
{Heap after GC invocations=27 (full 0):
 garbage-first heap   total 716800K, used 275577K [0x00000006c0000000, 0x0000000800000000)
  region size 4096K, 5 young (20480K), 5 survivors (20480K)
 Metaspace       used 64357K, committed 65024K, reserved 1105920K
  class space    used 9025K, committed 9344K, reserved 1048576K
}
Event: 33.039 GC heap before
{Heap before GC invocations=27 (full 0):
 garbage-first heap   total 716800K, used 300153K [0x00000006c0000000, 0x0000000800000000)
  region size 4096K, 12 young (49152K), 5 survivors (20480K)
 Metaspace       used 64797K, committed 65408K, reserved 1105920K
  class space    used 9087K, committed 9408K, reserved 1048576K
}
Event: 33.077 GC heap after
{Heap after GC invocations=28 (full 0):
 garbage-first heap   total 716800K, used 276953K [0x00000006c0000000, 0x0000000800000000)
  region size 4096K, 5 young (20480K), 5 survivors (20480K)
 Metaspace       used 64797K, committed 65408K, reserved 1105920K
  class space    used 9087K, committed 9408K, reserved 1048576K
}
Event: 34.564 GC heap before
{Heap before GC invocations=29 (full 0):
 garbage-first heap   total 716800K, used 575961K [0x00000006c0000000, 0x0000000800000000)
  region size 4096K, 79 young (323584K), 5 survivors (20480K)
 Metaspace       used 67746K, committed 68352K, reserved 1114112K
  class space    used 9464K, committed 9728K, reserved 1048576K
}
Event: 34.602 GC heap after
{Heap after GC invocations=30 (full 0):
 garbage-first heap   total 716800K, used 283900K [0x00000006c0000000, 0x0000000800000000)
  region size 4096K, 7 young (28672K), 7 survivors (28672K)
 Metaspace       used 67746K, committed 68352K, reserved 1114112K
  class space    used 9464K, committed 9728K, reserved 1048576K
}
Event: 34.678 GC heap before
{Heap before GC invocations=30 (full 0):
 garbage-first heap   total 716800K, used 287996K [0x00000006c0000000, 0x0000000800000000)
  region size 4096K, 8 young (32768K), 7 survivors (28672K)
 Metaspace       used 67879K, committed 68480K, reserved 1114112K
  class space    used 9486K, committed 9728K, reserved 1048576K
}
Event: 34.722 GC heap after
{Heap after GC invocations=31 (full 0):
 garbage-first heap   total 1753088K, used 284250K [0x00000006c0000000, 0x0000000800000000)
  region size 4096K, 1 young (4096K), 1 survivors (4096K)
 Metaspace       used 67879K, committed 68480K, reserved 1114112K
  class space    used 9486K, committed 9728K, reserved 1048576K
}
Event: 39.878 GC heap before
{Heap before GC invocations=31 (full 0):
 garbage-first heap   total 1753088K, used 1332826K [0x00000006c0000000, 0x0000000800000000)
  region size 4096K, 256 young (1048576K), 1 survivors (4096K)
 Metaspace       used 78932K, committed 79680K, reserved 1122304K
  class space    used 11201K, committed 11520K, reserved 1048576K
}
Event: 39.933 GC heap after
{Heap after GC invocations=32 (full 0):
 garbage-first heap   total 1753088K, used 314101K [0x00000006c0000000, 0x0000000800000000)
  region size 4096K, 8 young (32768K), 8 survivors (32768K)
 Metaspace       used 78932K, committed 79680K, reserved 1122304K
  class space    used 11201K, committed 11520K, reserved 1048576K
}
Event: 45.941 GC heap before
{Heap before GC invocations=33 (full 0):
 garbage-first heap   total 1572864K, used 1334005K [0x00000006c0000000, 0x0000000800000000)
  region size 4096K, 256 young (1048576K), 8 survivors (32768K)
 Metaspace       used 87041K, committed 87872K, reserved 1130496K
  class space    used 12213K, committed 12608K, reserved 1048576K
}
Event: 45.996 GC heap after
{Heap after GC invocations=34 (full 0):
 garbage-first heap   total 1572864K, used 337498K [0x00000006c0000000, 0x0000000800000000)
  region size 4096K, 11 young (45056K), 11 survivors (45056K)
 Metaspace       used 87041K, committed 87872K, reserved 1130496K
  class space    used 12213K, committed 12608K, reserved 1048576K
}
Event: 46.147 GC heap before
{Heap before GC invocations=34 (full 0):
 garbage-first heap   total 1572864K, used 370266K [0x00000006c0000000, 0x0000000800000000)
  region size 4096K, 19 young (77824K), 11 survivors (45056K)
 Metaspace       used 87070K, committed 87936K, reserved 1130496K
  class space    used 12215K, committed 12608K, reserved 1048576K
}
Event: 46.196 GC heap after
{Heap after GC invocations=35 (full 0):
 garbage-first heap   total 1572864K, used 341492K [0x00000006c0000000, 0x0000000800000000)
  region size 4096K, 2 young (8192K), 2 survivors (8192K)
 Metaspace       used 87070K, committed 87936K, reserved 1130496K
  class space    used 12215K, committed 12608K, reserved 1048576K
}

