# JRE version: Java(TM) SE Runtime Environment (17.0.2+8) (build 17.0.2+8-LTS-86)
# Java VM: Java HotSpot(TM) 64-Bit Server VM (17.0.2+8-LTS-86, mixed mode, sharing, tiered, compressed oops, compressed class ptrs, g1 gc, windows-amd64)
GC Precious Log:
 CPUs: 4 total, 4 available
 Memory: 8128M
 Large Page Support: Disabled
 NUMA Support: Disabled
 Compressed Oops: Enabled (Zero based)
 Heap Region Size: 4M
 Heap Min Capacity: 204M
 Heap Initial Capacity: 204M
 Heap Max Capacity: 5G
 Pre-touch: Disabled
 Parallel Workers: 4
 Concurrent Workers: 1
 Concurrent Refinement Workers: 4
 Periodic GC: Disabled
Heap:
 garbage-first heap   total 2211840K, used 1467671K [0x00000006c0000000, 0x0000000800000000)
  region size 4096K, 287 young (1175552K), 3 survivors (12288K)
 Metaspace       used 90371K, committed 91200K, reserved 1130496K
  class space    used 12563K, committed 12928K, reserved 1048576K
GC Heap History (20 events):
Event: 23.081 GC heap before
{Heap before GC invocations=21 (full 0):
 garbage-first heap   total 356352K, used 287949K [0x00000006c0000000, 0x0000000800000000)
  region size 4096K, 35 young (143360K), 1 survivors (4096K)
 Metaspace       used 38460K, committed 38912K, reserved 1089536K
  class space    used 4605K, committed 4800K, reserved 1048576K
}
Event: 23.102 GC heap after
{Heap after GC invocations=22 (full 0):
 garbage-first heap   total 860160K, used 159130K [0x00000006c0000000, 0x0000000800000000)
  region size 4096K, 4 young (16384K), 4 survivors (16384K)
 Metaspace       used 38460K, committed 38912K, reserved 1089536K
  class space    used 4605K, committed 4800K, reserved 1048576K
}
Event: 32.336 GC heap before
{Heap before GC invocations=23 (full 0):
 garbage-first heap   total 737280K, used 589210K [0x00000006c0000000, 0x0000000800000000)
  region size 4096K, 109 young (446464K), 4 survivors (16384K)
 Metaspace       used 58414K, committed 59136K, reserved 1105920K
  class space    used 8267K, committed 8576K, reserved 1048576K
}
Event: 32.404 GC heap after
{Heap after GC invocations=24 (full 0):
 garbage-first heap   total 737280K, used 200848K [0x00000006c0000000, 0x0000000800000000)
  region size 4096K, 14 young (57344K), 14 survivors (57344K)
 Metaspace       used 58414K, committed 59136K, reserved 1105920K
  class space    used 8267K, committed 8576K, reserved 1048576K
}
Event: 32.450 GC heap before
{Heap before GC invocations=24 (full 0):
 garbage-first heap   total 737280K, used 204944K [0x00000006c0000000, 0x0000000800000000)
  region size 4096K, 15 young (61440K), 14 survivors (57344K)
 Metaspace       used 58414K, committed 59136K, reserved 1105920K
  class space    used 8267K, committed 8576K, reserved 1048576K
}
Event: 32.523 GC heap after
{Heap after GC invocations=25 (full 0):
 garbage-first heap   total 737280K, used 207408K [0x00000006c0000000, 0x0000000800000000)
  region size 4096K, 2 young (8192K), 2 survivors (8192K)
 Metaspace       used 58414K, committed 59136K, reserved 1105920K
  class space    used 8267K, committed 8576K, reserved 1048576K
}
Event: 34.614 GC heap before
{Heap before GC invocations=25 (full 0):
 garbage-first heap   total 737280K, used 309808K [0x00000006c0000000, 0x0000000800000000)
  region size 4096K, 27 young (110592K), 2 survivors (8192K)
 Metaspace       used 64901K, committed 65536K, reserved 1105920K
  class space    used 9108K, committed 9408K, reserved 1048576K
}
Event: 34.630 GC heap after
{Heap after GC invocations=26 (full 0):
 garbage-first heap   total 737280K, used 216155K [0x00000006c0000000, 0x0000000800000000)
  region size 4096K, 4 young (16384K), 4 survivors (16384K)
 Metaspace       used 64901K, committed 65536K, reserved 1105920K
  class space    used 9108K, committed 9408K, reserved 1048576K
}
Event: 38.250 GC heap before
{Heap before GC invocations=27 (full 0):
 garbage-first heap   total 737280K, used 543835K [0x00000006c0000000, 0x0000000800000000)
  region size 4096K, 84 young (344064K), 4 survivors (16384K)
 Metaspace       used 72748K, committed 73408K, reserved 1114112K
  class space    used 10269K, committed 10560K, reserved 1048576K
}
Event: 38.304 GC heap after
{Heap after GC invocations=28 (full 0):
 garbage-first heap   total 737280K, used 244216K [0x00000006c0000000, 0x0000000800000000)
  region size 4096K, 10 young (40960K), 10 survivors (40960K)
 Metaspace       used 72748K, committed 73408K, reserved 1114112K
  class space    used 10269K, committed 10560K, reserved 1048576K
}
Event: 38.374 GC heap before
{Heap before GC invocations=28 (full 0):
 garbage-first heap   total 737280K, used 248312K [0x00000006c0000000, 0x0000000800000000)
  region size 4096K, 11 young (45056K), 10 survivors (40960K)
 Metaspace       used 72906K, committed 73536K, reserved 1114112K
  class space    used 10312K, committed 10624K, reserved 1048576K
}
Event: 38.422 GC heap after
{Heap after GC invocations=29 (full 0):
 garbage-first heap   total 737280K, used 246617K [0x00000006c0000000, 0x0000000800000000)
  region size 4096K, 2 young (8192K), 2 survivors (8192K)
 Metaspace       used 72906K, committed 73536K, reserved 1114112K
  class space    used 10312K, committed 10624K, reserved 1048576K
}
Event: 41.350 GC heap before
{Heap before GC invocations=29 (full 0):
 garbage-first heap   total 737280K, used 566105K [0x00000006c0000000, 0x0000000800000000)
  region size 4096K, 80 young (327680K), 2 survivors (8192K)
 Metaspace       used 78822K, committed 79488K, reserved 1122304K
  class space    used 11191K, committed 11456K, reserved 1048576K
}
Event: 41.429 GC heap after
{Heap after GC invocations=30 (full 0):
 garbage-first heap   total 737280K, used 279856K [0x00000006c0000000, 0x0000000800000000)
  region size 4096K, 10 young (40960K), 10 survivors (40960K)
 Metaspace       used 78822K, committed 79488K, reserved 1122304K
  class space    used 11191K, committed 11456K, reserved 1048576K
}
Event: 43.531 GC heap before
{Heap before GC invocations=31 (full 0):
 garbage-first heap   total 737280K, used 582960K [0x00000006c0000000, 0x0000000800000000)
  region size 4096K, 82 young (335872K), 10 survivors (40960K)
 Metaspace       used 82693K, committed 83520K, reserved 1122304K
  class space    used 11537K, committed 11904K, reserved 1048576K
}
Event: 43.593 GC heap after
{Heap after GC invocations=32 (full 0):
 garbage-first heap   total 737280K, used 301248K [0x00000006c0000000, 0x0000000800000000)
  region size 4096K, 4 young (16384K), 4 survivors (16384K)
 Metaspace       used 82693K, committed 83520K, reserved 1122304K
  class space    used 11537K, committed 11904K, reserved 1048576K
}
Event: 43.813 GC heap before
{Heap before GC invocations=32 (full 0):
 garbage-first heap   total 737280K, used 321728K [0x00000006c0000000, 0x0000000800000000)
  region size 4096K, 9 young (36864K), 4 survivors (16384K)
 Metaspace       used 83145K, committed 83968K, reserved 1122304K
  class space    used 11588K, committed 11968K, reserved 1048576K
}
Event: 43.840 GC heap after
{Heap after GC invocations=33 (full 0):
 garbage-first heap   total 737280K, used 302111K [0x00000006c0000000, 0x0000000800000000)
  region size 4096K, 1 young (4096K), 1 survivors (4096K)
 Metaspace       used 83145K, committed 83968K, reserved 1122304K
  class space    used 11588K, committed 11968K, reserved 1048576K
}
Event: 46.003 GC heap before
{Heap before GC invocations=33 (full 0):
 garbage-first heap   total 737280K, used 588831K [0x00000006c0000000, 0x0000000800000000)
  region size 4096K, 72 young (294912K), 1 survivors (4096K)
 Metaspace       used 85576K, committed 86336K, reserved 1130496K
  class space    used 11979K, committed 12352K, reserved 1048576K
}
Event: 46.034 GC heap after
{Heap after GC invocations=34 (full 0):
 garbage-first heap   total 2211840K, used 308503K [0x00000006c0000000, 0x0000000800000000)
  region size 4096K, 3 young (12288K), 3 survivors (12288K)
 Metaspace       used 85576K, committed 86336K, reserved 1130496K
  class space    used 11979K, committed 12352K, reserved 1048576K
}

